<?xml version="1.0" encoding="UTF-8"?>
<testng-results ignored="0" total="1" passed="1" failed="0" skipped="0">
  <reporter-output>
  </reporter-output>
  <suite started-at="2021-08-04T16:05:51 IST" name="Default suite" finished-at="2021-08-04T16:06:14 IST" duration-ms="22558">
    <groups>
    </groups>
    <test started-at="2021-08-04T16:05:51 IST" name="Default test" finished-at="2021-08-04T16:06:14 IST" duration-ms="22558">
      <class name="Practice.MercurryTest">
        <test-method is-config="true" signature="beforeSuite()[pri:0, instance:Practice.MercurryTest@55634720]" started-at="2021-08-04T16:05:48 IST" name="beforeSuite" finished-at="2021-08-04T16:05:51 IST" duration-ms="2802" status="PASS">
          <reporter-output>
          </reporter-output>
        </test-method> <!-- beforeSuite -->
        <test-method is-config="true" signature="beforeTest()[pri:0, instance:Practice.MercurryTest@55634720]" started-at="2021-08-04T16:05:51 IST" name="beforeTest" finished-at="2021-08-04T16:05:51 IST" duration-ms="137" status="PASS">
          <reporter-output>
          </reporter-output>
        </test-method> <!-- beforeTest -->
        <test-method is-config="true" signature="beforeClass()[pri:0, instance:Practice.MercurryTest@55634720]" started-at="2021-08-04T16:05:51 IST" name="beforeClass" finished-at="2021-08-04T16:06:02 IST" duration-ms="10686" status="PASS">
          <reporter-output>
          </reporter-output>
        </test-method> <!-- beforeClass -->
        <test-method signature="f()[pri:0, instance:Practice.MercurryTest@55634720]" started-at="2021-08-04T16:06:02 IST" name="f" finished-at="2021-08-04T16:06:14 IST" duration-ms="11662" status="PASS">
          <reporter-output>
          </reporter-output>
        </test-method> <!-- f -->
      </class> <!-- Practice.MercurryTest -->
    </test> <!-- Default test -->
  </suite> <!-- Default suite -->
</testng-results>
